# JRE version: 7.0_21-b11
# Java VM: Java HotSpot(TM) 64-Bit Server VM (23.21-b01 mixed mode windows-amd64 compressed oops)
Heap
 PSYoungGen      total 18624K, used 9549K [0x00000000eb360000, 0x00000000ed7c0000, 0x0000000100000000)
  eden space 16000K, 43% used [0x00000000eb360000,0x00000000eba2ad00,0x00000000ec300000)
  from space 2624K, 98% used [0x00000000ec300000,0x00000000ec588710,0x00000000ec590000)
  to   space 2624K, 0% used [0x00000000ed530000,0x00000000ed530000,0x00000000ed7c0000)
 ParOldGen       total 42624K, used 1761K [0x00000000c1a00000, 0x00000000c43a0000, 0x00000000eb360000)
  object space 42624K, 4% used [0x00000000c1a00000,0x00000000c1bb86d8,0x00000000c43a0000)
 PSPermGen       total 21248K, used 13246K [0x00000000bc800000, 0x00000000bdcc0000, 0x00000000c1a00000)
  object space 21248K, 62% used [0x00000000bc800000,0x00000000bd4efb60,0x00000000bdcc0000)
GC Heap History (6 events):
Event: 1.161 GC heap before
{Heap before GC invocations=1 (full 0):
 PSYoungGen      total 18624K, used 16000K [0x00000000eb360000, 0x00000000ec820000, 0x0000000100000000)
  eden space 16000K, 100% used [0x00000000eb360000,0x00000000ec300000,0x00000000ec300000)
  from space 2624K, 0% used [0x00000000ec590000,0x00000000ec590000,0x00000000ec820000)
  to   space 2624K, 0% used [0x00000000ec300000,0x00000000ec300000,0x00000000ec590000)
 ParOldGen       total 42624K, used 0K [0x00000000c1a00000, 0x00000000c43a0000, 0x00000000eb360000)
  object space 42624K, 0% used [0x00000000c1a00000,0x00000000c1a00000,0x00000000c43a0000)
 PSPermGen       total 21248K, used 11669K [0x00000000bc800000, 0x00000000bdcc0000, 0x00000000c1a00000)
  object space 21248K, 54% used [0x00000000bc800000,0x00000000bd365578,0x00000000bdcc0000)
Event: 1.167 GC heap after
Heap after GC invocations=1 (full 0):
 PSYoungGen      total 18624K, used 2600K [0x00000000eb360000, 0x00000000ec820000, 0x0000000100000000)
  eden space 16000K, 0% used [0x00000000eb360000,0x00000000eb360000,0x00000000ec300000)
  from space 2624K, 99% used [0x00000000ec300000,0x00000000ec58a3b8,0x00000000ec590000)
  to   space 2624K, 0% used [0x00000000ec590000,0x00000000ec590000,0x00000000ec820000)
 ParOldGen       total 42624K, used 552K [0x00000000c1a00000, 0x00000000c43a0000, 0x00000000eb360000)
  object space 42624K, 1% used [0x00000000c1a00000,0x00000000c1a8a0f0,0x00000000c43a0000)
 PSPermGen       total 21248K, used 11669K [0x00000000bc800000, 0x00000000bdcc0000, 0x00000000c1a00000)
  object space 21248K, 54% used [0x00000000bc800000,0x00000000bd365578,0x00000000bdcc0000)
}
Event: 2.840 GC heap before
{Heap before GC invocations=2 (full 0):
 PSYoungGen      total 18624K, used 18600K [0x00000000eb360000, 0x00000000ec820000, 0x0000000100000000)
  eden space 16000K, 100% used [0x00000000eb360000,0x00000000ec300000,0x00000000ec300000)
  from space 2624K, 99% used [0x00000000ec300000,0x00000000ec58a3b8,0x00000000ec590000)
  to   space 2624K, 0% used [0x00000000ec590000,0x00000000ec590000,0x00000000ec820000)
 ParOldGen       total 42624K, used 552K [0x00000000c1a00000, 0x00000000c43a0000, 0x00000000eb360000)
  object space 42624K, 1% used [0x00000000c1a00000,0x00000000c1a8a0f0,0x00000000c43a0000)
 PSPermGen       total 21248K, used 12286K [0x00000000bc800000, 0x00000000bdcc0000, 0x00000000c1a00000)
  object space 21248K, 57% used [0x00000000bc800000,0x00000000bd3ffb28,0x00000000bdcc0000)
Event: 2.848 GC heap after
Heap after GC invocations=2 (full 0):
 PSYoungGen      total 18624K, used 2592K [0x00000000eb360000, 0x00000000ec820000, 0x0000000100000000)
  eden space 16000K, 0% used [0x00000000eb360000,0x00000000eb360000,0x00000000ec300000)
  from space 2624K, 98% used [0x00000000ec590000,0x00000000ec818020,0x00000000ec820000)
  to   space 2624K, 0% used [0x00000000ec300000,0x00000000ec300000,0x00000000ec590000)
 ParOldGen       total 42624K, used 800K [0x00000000c1a00000, 0x00000000c43a0000, 0x00000000eb360000)
  object space 42624K, 1% used [0x00000000c1a00000,0x00000000c1ac81e0,0x00000000c43a0000)
 PSPermGen       total 21248K, used 12286K [0x00000000bc800000, 0x00000000bdcc0000, 0x00000000c1a00000)
  object space 21248K, 57% used [0x00000000bc800000,0x00000000bd3ffb28,0x00000000bdcc0000)
}
Event: 3.173 GC heap before
{Heap before GC invocations=3 (full 0):
 PSYoungGen      total 18624K, used 18592K [0x00000000eb360000, 0x00000000ec820000, 0x0000000100000000)
  eden space 16000K, 100% used [0x00000000eb360000,0x00000000ec300000,0x00000000ec300000)
  from space 2624K, 98% used [0x00000000ec590000,0x00000000ec818020,0x00000000ec820000)
  to   space 2624K, 0% used [0x00000000ec300000,0x00000000ec300000,0x00000000ec590000)
 ParOldGen       total 42624K, used 800K [0x00000000c1a00000, 0x00000000c43a0000, 0x00000000eb360000)
  object space 42624K, 1% used [0x00000000c1a00000,0x00000000c1ac81e0,0x00000000c43a0000)
 PSPermGen       total 21248K, used 12378K [0x00000000bc800000, 0x00000000bdcc0000, 0x00000000c1a00000)
  object space 21248K, 58% used [0x00000000bc800000,0x00000000bd416990,0x00000000bdcc0000)
Event: 3.186 GC heap after
Heap after GC invocations=3 (full 0):
 PSYoungGen      total 18624K, used 2593K [0x00000000eb360000, 0x00000000ed7c0000, 0x0000000100000000)
  eden space 16000K, 0% used [0x00000000eb360000,0x00000000eb360000,0x00000000ec300000)
  from space 2624K, 98% used [0x00000000ec300000,0x00000000ec588710,0x00000000ec590000)
  to   space 2624K, 0% used [0x00000000ed530000,0x00000000ed530000,0x00000000ed7c0000)
 ParOldGen       total 42624K, used 1761K [0x00000000c1a00000, 0x00000000c43a0000, 0x00000000eb360000)
  object space 42624K, 4% used [0x00000000c1a00000,0x00000000c1bb86d8,0x00000000c43a0000)
 PSPermGen       total 21248K, used 12378K [0x00000000bc800000, 0x00000000bdcc0000, 0x00000000c1a00000)
  object space 21248K, 58% used [0x00000000bc800000,0x00000000bd416990,0x00000000bdcc0000)
}

