# JRE version: 7.0_21-b11
# Java VM: Java HotSpot(TM) 64-Bit Server VM (23.21-b01 mixed mode windows-amd64 compressed oops)
Heap
 PSYoungGen      total 18624K, used 9563K [0x00000000eb360000, 0x00000000ed7c0000, 0x0000000100000000)
  eden space 16000K, 43% used [0x00000000eb360000,0x00000000eba2af68,0x00000000ec300000)
  from space 2624K, 99% used [0x00000000ec300000,0x00000000ec58c010,0x00000000ec590000)
  to   space 2624K, 0% used [0x00000000ed530000,0x00000000ed530000,0x00000000ed7c0000)
 ParOldGen       total 42624K, used 1711K [0x00000000c1a00000, 0x00000000c43a0000, 0x00000000eb360000)
  object space 42624K, 4% used [0x00000000c1a00000,0x00000000c1babf10,0x00000000c43a0000)
 PSPermGen       total 21248K, used 13249K [0x00000000bc800000, 0x00000000bdcc0000, 0x00000000c1a00000)
  object space 21248K, 62% used [0x00000000bc800000,0x00000000bd4f04a8,0x00000000bdcc0000)
GC Heap History (6 events):
Event: 0.998 GC heap before
{Heap before GC invocations=1 (full 0):
 PSYoungGen      total 18624K, used 16000K [0x00000000eb360000, 0x00000000ec820000, 0x0000000100000000)
  eden space 16000K, 100% used [0x00000000eb360000,0x00000000ec300000,0x00000000ec300000)
  from space 2624K, 0% used [0x00000000ec590000,0x00000000ec590000,0x00000000ec820000)
  to   space 2624K, 0% used [0x00000000ec300000,0x00000000ec300000,0x00000000ec590000)
 ParOldGen       total 42624K, used 0K [0x00000000c1a00000, 0x00000000c43a0000, 0x00000000eb360000)
  object space 42624K, 0% used [0x00000000c1a00000,0x00000000c1a00000,0x00000000c43a0000)
 PSPermGen       total 21248K, used 11670K [0x00000000bc800000, 0x00000000bdcc0000, 0x00000000c1a00000)
  object space 21248K, 54% used [0x00000000bc800000,0x00000000bd365a78,0x00000000bdcc0000)
Event: 1.004 GC heap after
Heap after GC invocations=1 (full 0):
 PSYoungGen      total 18624K, used 2610K [0x00000000eb360000, 0x00000000ec820000, 0x0000000100000000)
  eden space 16000K, 0% used [0x00000000eb360000,0x00000000eb360000,0x00000000ec300000)
  from space 2624K, 99% used [0x00000000ec300000,0x00000000ec58c9e8,0x00000000ec590000)
  to   space 2624K, 0% used [0x00000000ec590000,0x00000000ec590000,0x00000000ec820000)
 ParOldGen       total 42624K, used 514K [0x00000000c1a00000, 0x00000000c43a0000, 0x00000000eb360000)
  object space 42624K, 1% used [0x00000000c1a00000,0x00000000c1a80988,0x00000000c43a0000)
 PSPermGen       total 21248K, used 11670K [0x00000000bc800000, 0x00000000bdcc0000, 0x00000000c1a00000)
  object space 21248K, 54% used [0x00000000bc800000,0x00000000bd365a78,0x00000000bdcc0000)
}
Event: 1.502 GC heap before
{Heap before GC invocations=2 (full 0):
 PSYoungGen      total 18624K, used 18609K [0x00000000eb360000, 0x00000000ec820000, 0x0000000100000000)
  eden space 16000K, 99% used [0x00000000eb360000,0x00000000ec2ffd90,0x00000000ec300000)
  from space 2624K, 99% used [0x00000000ec300000,0x00000000ec58c9e8,0x00000000ec590000)
  to   space 2624K, 0% used [0x00000000ec590000,0x00000000ec590000,0x00000000ec820000)
 ParOldGen       total 42624K, used 514K [0x00000000c1a00000, 0x00000000c43a0000, 0x00000000eb360000)
  object space 42624K, 1% used [0x00000000c1a00000,0x00000000c1a80988,0x00000000c43a0000)
 PSPermGen       total 21248K, used 12294K [0x00000000bc800000, 0x00000000bdcc0000, 0x00000000c1a00000)
  object space 21248K, 57% used [0x00000000bc800000,0x00000000bd401928,0x00000000bdcc0000)
Event: 1.511 GC heap after
Heap after GC invocations=2 (full 0):
 PSYoungGen      total 18624K, used 2610K [0x00000000eb360000, 0x00000000ed7c0000, 0x0000000100000000)
  eden space 16000K, 0% used [0x00000000eb360000,0x00000000eb360000,0x00000000ec300000)
  from space 2624K, 99% used [0x00000000ec590000,0x00000000ec81cbb0,0x00000000ec820000)
  to   space 2624K, 0% used [0x00000000ec300000,0x00000000ec300000,0x00000000ec590000)
 ParOldGen       total 42624K, used 780K [0x00000000c1a00000, 0x00000000c43a0000, 0x00000000eb360000)
  object space 42624K, 1% used [0x00000000c1a00000,0x00000000c1ac30e8,0x00000000c43a0000)
 PSPermGen       total 21248K, used 12294K [0x00000000bc800000, 0x00000000bdcc0000, 0x00000000c1a00000)
  object space 21248K, 57% used [0x00000000bc800000,0x00000000bd401928,0x00000000bdcc0000)
}
Event: 1.669 GC heap before
{Heap before GC invocations=3 (full 0):
 PSYoungGen      total 18624K, used 18610K [0x00000000eb360000, 0x00000000ed7c0000, 0x0000000100000000)
  eden space 16000K, 100% used [0x00000000eb360000,0x00000000ec300000,0x00000000ec300000)
  from space 2624K, 99% used [0x00000000ec590000,0x00000000ec81cbb0,0x00000000ec820000)
  to   space 2624K, 0% used [0x00000000ec300000,0x00000000ec300000,0x00000000ec590000)
 ParOldGen       total 42624K, used 780K [0x00000000c1a00000, 0x00000000c43a0000, 0x00000000eb360000)
  object space 42624K, 1% used [0x00000000c1a00000,0x00000000c1ac30e8,0x00000000c43a0000)
 PSPermGen       total 21248K, used 12375K [0x00000000bc800000, 0x00000000bdcc0000, 0x00000000c1a00000)
  object space 21248K, 58% used [0x00000000bc800000,0x00000000bd415fe0,0x00000000bdcc0000)
Event: 1.679 GC heap after
Heap after GC invocations=3 (full 0):
 PSYoungGen      total 18624K, used 2608K [0x00000000eb360000, 0x00000000ed7c0000, 0x0000000100000000)
  eden space 16000K, 0% used [0x00000000eb360000,0x00000000eb360000,0x00000000ec300000)
  from space 2624K, 99% used [0x00000000ec300000,0x00000000ec58c010,0x00000000ec590000)
  to   space 2624K, 0% used [0x00000000ed530000,0x00000000ed530000,0x00000000ed7c0000)
 ParOldGen       total 42624K, used 1711K [0x00000000c1a00000, 0x00000000c43a0000, 0x00000000eb360000)
  object space 42624K, 4% used [0x00000000c1a00000,0x00000000c1babf10,0x00000000c43a0000)
 PSPermGen       total 21248K, used 12375K [0x00000000bc800000, 0x00000000bdcc0000, 0x00000000c1a00000)
  object space 21248K, 58% used [0x00000000bc800000,0x00000000bd415fe0,0x00000000bdcc0000)
}

