# JRE version: 7.0_21-b11
# Java VM: Java HotSpot(TM) 64-Bit Server VM (23.21-b01 mixed mode windows-amd64 compressed oops)
Heap
 PSYoungGen      total 18624K, used 9566K [0x00000000eb360000, 0x00000000ed7c0000, 0x0000000100000000)
  eden space 16000K, 43% used [0x00000000eb360000,0x00000000eba2b2f0,0x00000000ec300000)
  from space 2624K, 99% used [0x00000000ec300000,0x00000000ec58c700,0x00000000ec590000)
  to   space 2624K, 0% used [0x00000000ed530000,0x00000000ed530000,0x00000000ed7c0000)
 ParOldGen       total 42624K, used 1743K [0x00000000c1a00000, 0x00000000c43a0000, 0x00000000eb360000)
  object space 42624K, 4% used [0x00000000c1a00000,0x00000000c1bb3ec0,0x00000000c43a0000)
 PSPermGen       total 21248K, used 13248K [0x00000000bc800000, 0x00000000bdcc0000, 0x00000000c1a00000)
  object space 21248K, 62% used [0x00000000bc800000,0x00000000bd4f0100,0x00000000bdcc0000)
GC Heap History (6 events):
Event: 0.890 GC heap before
{Heap before GC invocations=1 (full 0):
 PSYoungGen      total 18624K, used 16000K [0x00000000eb360000, 0x00000000ec820000, 0x0000000100000000)
  eden space 16000K, 100% used [0x00000000eb360000,0x00000000ec300000,0x00000000ec300000)
  from space 2624K, 0% used [0x00000000ec590000,0x00000000ec590000,0x00000000ec820000)
  to   space 2624K, 0% used [0x00000000ec300000,0x00000000ec300000,0x00000000ec590000)
 ParOldGen       total 42624K, used 0K [0x00000000c1a00000, 0x00000000c43a0000, 0x00000000eb360000)
  object space 42624K, 0% used [0x00000000c1a00000,0x00000000c1a00000,0x00000000c43a0000)
 PSPermGen       total 21248K, used 11671K [0x00000000bc800000, 0x00000000bdcc0000, 0x00000000c1a00000)
  object space 21248K, 54% used [0x00000000bc800000,0x00000000bd365e38,0x00000000bdcc0000)
Event: 0.895 GC heap after
Heap after GC invocations=1 (full 0):
 PSYoungGen      total 18624K, used 2609K [0x00000000eb360000, 0x00000000ec820000, 0x0000000100000000)
  eden space 16000K, 0% used [0x00000000eb360000,0x00000000eb360000,0x00000000ec300000)
  from space 2624K, 99% used [0x00000000ec300000,0x00000000ec58c780,0x00000000ec590000)
  to   space 2624K, 0% used [0x00000000ec590000,0x00000000ec590000,0x00000000ec820000)
 ParOldGen       total 42624K, used 543K [0x00000000c1a00000, 0x00000000c43a0000, 0x00000000eb360000)
  object space 42624K, 1% used [0x00000000c1a00000,0x00000000c1a87c38,0x00000000c43a0000)
 PSPermGen       total 21248K, used 11671K [0x00000000bc800000, 0x00000000bdcc0000, 0x00000000c1a00000)
  object space 21248K, 54% used [0x00000000bc800000,0x00000000bd365e38,0x00000000bdcc0000)
}
Event: 1.369 GC heap before
{Heap before GC invocations=2 (full 0):
 PSYoungGen      total 18624K, used 18605K [0x00000000eb360000, 0x00000000ec820000, 0x0000000100000000)
  eden space 16000K, 99% used [0x00000000eb360000,0x00000000ec2fecb8,0x00000000ec300000)
  from space 2624K, 99% used [0x00000000ec300000,0x00000000ec58c780,0x00000000ec590000)
  to   space 2624K, 0% used [0x00000000ec590000,0x00000000ec590000,0x00000000ec820000)
 ParOldGen       total 42624K, used 543K [0x00000000c1a00000, 0x00000000c43a0000, 0x00000000eb360000)
  object space 42624K, 1% used [0x00000000c1a00000,0x00000000c1a87c38,0x00000000c43a0000)
 PSPermGen       total 21248K, used 12293K [0x00000000bc800000, 0x00000000bdcc0000, 0x00000000c1a00000)
  object space 21248K, 57% used [0x00000000bc800000,0x00000000bd401680,0x00000000bdcc0000)
Event: 1.378 GC heap after
Heap after GC invocations=2 (full 0):
 PSYoungGen      total 18624K, used 2624K [0x00000000eb360000, 0x00000000ed7c0000, 0x0000000100000000)
  eden space 16000K, 0% used [0x00000000eb360000,0x00000000eb360000,0x00000000ec300000)
  from space 2624K, 100% used [0x00000000ec590000,0x00000000ec820000,0x00000000ec820000)
  to   space 2624K, 0% used [0x00000000ec300000,0x00000000ec300000,0x00000000ec590000)
 ParOldGen       total 42624K, used 800K [0x00000000c1a00000, 0x00000000c43a0000, 0x00000000eb360000)
  object space 42624K, 1% used [0x00000000c1a00000,0x00000000c1ac8398,0x00000000c43a0000)
 PSPermGen       total 21248K, used 12293K [0x00000000bc800000, 0x00000000bdcc0000, 0x00000000c1a00000)
  object space 21248K, 57% used [0x00000000bc800000,0x00000000bd401680,0x00000000bdcc0000)
}
Event: 1.533 GC heap before
{Heap before GC invocations=3 (full 0):
 PSYoungGen      total 18624K, used 18624K [0x00000000eb360000, 0x00000000ed7c0000, 0x0000000100000000)
  eden space 16000K, 100% used [0x00000000eb360000,0x00000000ec300000,0x00000000ec300000)
  from space 2624K, 100% used [0x00000000ec590000,0x00000000ec820000,0x00000000ec820000)
  to   space 2624K, 0% used [0x00000000ec300000,0x00000000ec300000,0x00000000ec590000)
 ParOldGen       total 42624K, used 800K [0x00000000c1a00000, 0x00000000c43a0000, 0x00000000eb360000)
  object space 42624K, 1% used [0x00000000c1a00000,0x00000000c1ac8398,0x00000000c43a0000)
 PSPermGen       total 21248K, used 12375K [0x00000000bc800000, 0x00000000bdcc0000, 0x00000000c1a00000)
  object space 21248K, 58% used [0x00000000bc800000,0x00000000bd415d38,0x00000000bdcc0000)
Event: 1.542 GC heap after
Heap after GC invocations=3 (full 0):
 PSYoungGen      total 18624K, used 2609K [0x00000000eb360000, 0x00000000ed7c0000, 0x0000000100000000)
  eden space 16000K, 0% used [0x00000000eb360000,0x00000000eb360000,0x00000000ec300000)
  from space 2624K, 99% used [0x00000000ec300000,0x00000000ec58c700,0x00000000ec590000)
  to   space 2624K, 0% used [0x00000000ed530000,0x00000000ed530000,0x00000000ed7c0000)
 ParOldGen       total 42624K, used 1743K [0x00000000c1a00000, 0x00000000c43a0000, 0x00000000eb360000)
  object space 42624K, 4% used [0x00000000c1a00000,0x00000000c1bb3ec0,0x00000000c43a0000)
 PSPermGen       total 21248K, used 12375K [0x00000000bc800000, 0x00000000bdcc0000, 0x00000000c1a00000)
  object space 21248K, 58% used [0x00000000bc800000,0x00000000bd415d38,0x00000000bdcc0000)
}

